<?xml version="1.0" encoding="UTF-8"?>
<testng-results skipped="0" failed="0" ignored="0" total="2" passed="2">
  <reporter-output>
  </reporter-output>
  <suite name="SainsburysWebScraperSuite" duration-ms="159" started-at="2017-11-09T15:04:11Z" finished-at="2017-11-09T15:04:11Z">
    <groups>
    </groups>
    <test name="jsonResponseShouldContainAppleProductDetails" duration-ms="128" started-at="2017-11-09T15:04:11Z" finished-at="2017-11-09T15:04:11Z">
      <class name="com.sainsburys.tests.JsonRetrieverTest">
        <test-method status="PASS" signature="jsonResponseShouldContainAppleProductDetails(java.lang.String, double, java.lang.String, java.lang.String)[pri:0, instance:com.sainsburys.tests.JsonRetrieverTest@3c09711b]" name="jsonResponseShouldContainAppleProductDetails" duration-ms="89" started-at="2017-11-09T15:04:11Z" finished-at="2017-11-09T15:04:11Z">
          <params>
            <param index="0">
              <value>
                <![CDATA[33]]>
              </value>
            </param>
            <param index="1">
              <value>
                <![CDATA[1.75]]>
              </value>
            </param>
            <param index="2">
              <value>
                <![CDATA[Sainsbury's Apples]]>
              </value>
            </param>
            <param index="3">
              <value>
                <![CDATA[by Sainsbury's apples]]>
              </value>
            </param>
          </params>
          <reporter-output>
          </reporter-output>
        </test-method> <!-- jsonResponseShouldContainAppleProductDetails -->
      </class> <!-- com.sainsburys.tests.JsonRetrieverTest -->
    </test> <!-- jsonResponseShouldContainAppleProductDetails -->
    <test name="priceTotal" duration-ms="6" started-at="2017-11-09T15:04:11Z" finished-at="2017-11-09T15:04:11Z">
      <class name="com.sainsburys.tests.PriceTotalTest">
        <test-method status="PASS" signature="jsonResponseShouldContainCorrectTotal(double, double)[pri:0, instance:com.sainsburys.tests.PriceTotalTest@4439f31e]" name="jsonResponseShouldContainCorrectTotal" duration-ms="2" started-at="2017-11-09T15:04:11Z" finished-at="2017-11-09T15:04:11Z">
          <params>
            <param index="0">
              <value>
                <![CDATA[1.65]]>
              </value>
            </param>
            <param index="1">
              <value>
                <![CDATA[1.65]]>
              </value>
            </param>
          </params>
          <reporter-output>
          </reporter-output>
        </test-method> <!-- jsonResponseShouldContainCorrectTotal -->
      </class> <!-- com.sainsburys.tests.PriceTotalTest -->
    </test> <!-- priceTotal -->
  </suite> <!-- SainsburysWebScraperSuite -->
</testng-results>
